# JRE version: Java(TM) SE Runtime Environment (21.0.1+12) (build 21.0.1+12-LTS-29)
# Java VM: Java HotSpot(TM) 64-Bit Server VM (21.0.1+12-LTS-29, mixed mode, sharing, tiered, compressed oops, compressed class ptrs, g1 gc, windows-amd64)
GC Precious Log:
 CardTable entry size: 512
 Card Set container configuration: InlinePtr #cards 5 size 8 Array Of Cards #cards 12 size 40 Howl #buckets 4 coarsen threshold 1843 Howl Bitmap #cards 512 size 80 coarsen threshold 460 Card regions per heap region 1 cards per card region 2048
 CPUs: 12 total, 12 available
 Memory: 7597M
 Large Page Support: Disabled
 NUMA Support: Disabled
 Compressed Oops: Enabled (32-bit)
 Heap Region Size: 1M
 Heap Min Capacity: 8M
 Heap Initial Capacity: 120M
 Heap Max Capacity: 1900M
 Pre-touch: Disabled
 Parallel Workers: 10
 Concurrent Workers: 3
 Concurrent Refinement Workers: 10
 Periodic GC: Disabled
Heap:
 garbage-first heap   total 287744K, used 283638K [0x0000000089400000, 0x0000000100000000)
  region size 1024K, 16 young (16384K), 2 survivors (2048K)
 Metaspace       used 25770K, committed 26176K, reserved 1114112K
  class space    used 2827K, committed 3008K, reserved 1048576K
GC Heap History (20 events):
Event: 0.476 GC heap before
{Heap before GC invocations=0 (full 0):
 garbage-first heap   total 122880K, used 22528K [0x0000000089400000, 0x0000000100000000)
  region size 1024K, 23 young (23552K), 0 survivors (0K)
 Metaspace       used 4273K, committed 4416K, reserved 1114112K
  class space    used 391K, committed 448K, reserved 1048576K
}
Event: 0.485 GC heap after
{Heap after GC invocations=1 (full 0):
 garbage-first heap   total 122880K, used 11056K [0x0000000089400000, 0x0000000100000000)
  region size 1024K, 3 young (3072K), 3 survivors (3072K)
 Metaspace       used 4273K, committed 4416K, reserved 1114112K
  class space    used 391K, committed 448K, reserved 1048576K
}
Event: 2.668 GC heap before
{Heap before GC invocations=1 (full 0):
 garbage-first heap   total 122880K, used 36656K [0x0000000089400000, 0x0000000100000000)
  region size 1024K, 25 young (25600K), 3 survivors (3072K)
 Metaspace       used 15255K, committed 15552K, reserved 1114112K
  class space    used 1637K, committed 1792K, reserved 1048576K
}
Event: 2.673 GC heap after
{Heap after GC invocations=2 (full 0):
 garbage-first heap   total 122880K, used 17773K [0x0000000089400000, 0x0000000100000000)
  region size 1024K, 4 young (4096K), 4 survivors (4096K)
 Metaspace       used 15255K, committed 15552K, reserved 1114112K
  class space    used 1637K, committed 1792K, reserved 1048576K
}
Event: 3.679 GC heap before
{Heap before GC invocations=2 (full 0):
 garbage-first heap   total 122880K, used 45421K [0x0000000089400000, 0x0000000100000000)
  region size 1024K, 30 young (30720K), 4 survivors (4096K)
 Metaspace       used 21191K, committed 21504K, reserved 1114112K
  class space    used 2320K, committed 2432K, reserved 1048576K
}
Event: 3.684 GC heap after
{Heap after GC invocations=3 (full 0):
 garbage-first heap   total 122880K, used 23647K [0x0000000089400000, 0x0000000100000000)
  region size 1024K, 3 young (3072K), 3 survivors (3072K)
 Metaspace       used 21191K, committed 21504K, reserved 1114112K
  class space    used 2320K, committed 2432K, reserved 1048576K
}
Event: 6.307 GC heap before
{Heap before GC invocations=4 (full 0):
 garbage-first heap   total 93184K, used 91231K [0x0000000089400000, 0x0000000100000000)
  region size 1024K, 39 young (39936K), 3 survivors (3072K)
 Metaspace       used 24778K, committed 25088K, reserved 1114112K
  class space    used 2755K, committed 2880K, reserved 1048576K
}
Event: 6.312 GC heap after
{Heap after GC invocations=5 (full 0):
 garbage-first heap   total 98304K, used 56944K [0x0000000089400000, 0x0000000100000000)
  region size 1024K, 5 young (5120K), 5 survivors (5120K)
 Metaspace       used 24778K, committed 25088K, reserved 1114112K
  class space    used 2755K, committed 2880K, reserved 1048576K
}
Event: 6.403 GC heap before
{Heap before GC invocations=5 (full 0):
 garbage-first heap   total 98304K, used 96880K [0x0000000089400000, 0x0000000100000000)
  region size 1024K, 24 young (24576K), 5 survivors (5120K)
 Metaspace       used 24788K, committed 25088K, reserved 1114112K
  class space    used 2755K, committed 2880K, reserved 1048576K
}
Event: 6.407 GC heap after
{Heap after GC invocations=6 (full 0):
 garbage-first heap   total 103424K, used 73634K [0x0000000089400000, 0x0000000100000000)
  region size 1024K, 2 young (2048K), 2 survivors (2048K)
 Metaspace       used 24788K, committed 25088K, reserved 1114112K
  class space    used 2755K, committed 2880K, reserved 1048576K
}
Event: 6.415 GC heap before
{Heap before GC invocations=6 (full 0):
 garbage-first heap   total 103424K, used 73634K [0x0000000089400000, 0x0000000100000000)
  region size 1024K, 3 young (3072K), 2 survivors (2048K)
 Metaspace       used 24788K, committed 25088K, reserved 1114112K
  class space    used 2755K, committed 2880K, reserved 1048576K
}
Event: 6.417 GC heap after
{Heap after GC invocations=7 (full 0):
 garbage-first heap   total 103424K, used 73485K [0x0000000089400000, 0x0000000100000000)
  region size 1024K, 2 young (2048K), 2 survivors (2048K)
 Metaspace       used 24788K, committed 25088K, reserved 1114112K
  class space    used 2755K, committed 2880K, reserved 1048576K
}
Event: 6.522 GC heap before
{Heap before GC invocations=8 (full 0):
 garbage-first heap   total 135168K, used 116493K [0x0000000089400000, 0x0000000100000000)
  region size 1024K, 20 young (20480K), 2 survivors (2048K)
 Metaspace       used 24788K, committed 25088K, reserved 1114112K
  class space    used 2755K, committed 2880K, reserved 1048576K
}
Event: 6.525 GC heap after
{Heap after GC invocations=9 (full 0):
 garbage-first heap   total 162816K, used 98032K [0x0000000089400000, 0x0000000100000000)
  region size 1024K, 2 young (2048K), 2 survivors (2048K)
 Metaspace       used 24788K, committed 25088K, reserved 1114112K
  class space    used 2755K, committed 2880K, reserved 1048576K
}
Event: 6.673 GC heap before
{Heap before GC invocations=9 (full 0):
 garbage-first heap   total 171008K, used 169712K [0x0000000089400000, 0x0000000100000000)
  region size 1024K, 32 young (32768K), 2 survivors (2048K)
 Metaspace       used 24788K, committed 25088K, reserved 1114112K
  class space    used 2755K, committed 2880K, reserved 1048576K
}
Event: 6.676 GC heap after
{Heap after GC invocations=10 (full 0):
 garbage-first heap   total 174080K, used 139041K [0x0000000089400000, 0x0000000100000000)
  region size 1024K, 2 young (2048K), 2 survivors (2048K)
 Metaspace       used 24788K, committed 25088K, reserved 1114112K
  class space    used 2755K, committed 2880K, reserved 1048576K
}
Event: 6.684 GC heap before
{Heap before GC invocations=10 (full 0):
 garbage-first heap   total 174080K, used 141089K [0x0000000089400000, 0x0000000100000000)
  region size 1024K, 5 young (5120K), 2 survivors (2048K)
 Metaspace       used 24788K, committed 25088K, reserved 1114112K
  class space    used 2755K, committed 2880K, reserved 1048576K
}
Event: 6.686 GC heap after
{Heap after GC invocations=11 (full 0):
 garbage-first heap   total 174080K, used 139038K [0x0000000089400000, 0x0000000100000000)
  region size 1024K, 2 young (2048K), 2 survivors (2048K)
 Metaspace       used 24788K, committed 25088K, reserved 1114112K
  class space    used 2755K, committed 2880K, reserved 1048576K
}
Event: 6.939 GC heap before
{Heap before GC invocations=12 (full 0):
 garbage-first heap   total 244736K, used 184094K [0x0000000089400000, 0x0000000100000000)
  region size 1024K, 20 young (20480K), 2 survivors (2048K)
 Metaspace       used 24841K, committed 25216K, reserved 1114112K
  class space    used 2758K, committed 2880K, reserved 1048576K
}
Event: 6.941 GC heap after
{Heap after GC invocations=13 (full 0):
 garbage-first heap   total 244736K, used 165878K [0x0000000089400000, 0x0000000100000000)
  region size 1024K, 2 young (2048K), 2 survivors (2048K)
 Metaspace       used 24841K, committed 25216K, reserved 1114112K
  class space    used 2758K, committed 2880K, reserved 1048576K
}

