# JRE version: Java(TM) SE Runtime Environment (21.0.1+12) (build 21.0.1+12-LTS-29)
# Java VM: Java HotSpot(TM) 64-Bit Server VM (21.0.1+12-LTS-29, mixed mode, sharing, tiered, compressed oops, compressed class ptrs, g1 gc, windows-amd64)
GC Precious Log:
 CardTable entry size: 512
 Card Set container configuration: InlinePtr #cards 5 size 8 Array Of Cards #cards 12 size 40 Howl #buckets 4 coarsen threshold 1843 Howl Bitmap #cards 512 size 80 coarsen threshold 460 Card regions per heap region 1 cards per card region 2048
 CPUs: 12 total, 12 available
 Memory: 7597M
 Large Page Support: Disabled
 NUMA Support: Disabled
 Compressed Oops: Enabled (32-bit)
 Heap Region Size: 1M
 Heap Min Capacity: 8M
 Heap Initial Capacity: 120M
 Heap Max Capacity: 1900M
 Pre-touch: Disabled
 Parallel Workers: 10
 Concurrent Workers: 3
 Concurrent Refinement Workers: 10
 Periodic GC: Disabled
Heap:
 garbage-first heap   total 183296K, used 152113K [0x0000000089400000, 0x0000000100000000)
  region size 1024K, 3 young (3072K), 1 survivors (1024K)
 Metaspace       used 24262K, committed 24640K, reserved 1114112K
  class space    used 2669K, committed 2816K, reserved 1048576K
GC Heap History (18 events):
Event: 0.543 GC heap before
{Heap before GC invocations=0 (full 0):
 garbage-first heap   total 122880K, used 22528K [0x0000000089400000, 0x0000000100000000)
  region size 1024K, 23 young (23552K), 0 survivors (0K)
 Metaspace       used 4277K, committed 4416K, reserved 1114112K
  class space    used 391K, committed 448K, reserved 1048576K
}
Event: 0.552 GC heap after
{Heap after GC invocations=1 (full 0):
 garbage-first heap   total 122880K, used 10752K [0x0000000089400000, 0x0000000100000000)
  region size 1024K, 3 young (3072K), 3 survivors (3072K)
 Metaspace       used 4277K, committed 4416K, reserved 1114112K
  class space    used 391K, committed 448K, reserved 1048576K
}
Event: 4.280 GC heap before
{Heap before GC invocations=1 (full 0):
 garbage-first heap   total 122880K, used 35328K [0x0000000089400000, 0x0000000100000000)
  region size 1024K, 25 young (25600K), 3 survivors (3072K)
 Metaspace       used 15240K, committed 15552K, reserved 1114112K
  class space    used 1636K, committed 1792K, reserved 1048576K
}
Event: 4.288 GC heap after
{Heap after GC invocations=2 (full 0):
 garbage-first heap   total 122880K, used 18126K [0x0000000089400000, 0x0000000100000000)
  region size 1024K, 4 young (4096K), 4 survivors (4096K)
 Metaspace       used 15240K, committed 15552K, reserved 1114112K
  class space    used 1636K, committed 1792K, reserved 1048576K
}
Event: 5.459 GC heap before
{Heap before GC invocations=2 (full 0):
 garbage-first heap   total 122880K, used 45774K [0x0000000089400000, 0x0000000100000000)
  region size 1024K, 30 young (30720K), 4 survivors (4096K)
 Metaspace       used 21203K, committed 21504K, reserved 1114112K
  class space    used 2320K, committed 2432K, reserved 1048576K
}
Event: 5.466 GC heap after
{Heap after GC invocations=3 (full 0):
 garbage-first heap   total 122880K, used 23634K [0x0000000089400000, 0x0000000100000000)
  region size 1024K, 4 young (4096K), 4 survivors (4096K)
 Metaspace       used 21203K, committed 21504K, reserved 1114112K
  class space    used 2320K, committed 2432K, reserved 1048576K
}
Event: 9.478 GC heap before
{Heap before GC invocations=4 (full 0):
 garbage-first heap   total 86016K, used 84050K [0x0000000089400000, 0x0000000100000000)
  region size 1024K, 36 young (36864K), 4 survivors (4096K)
 Metaspace       used 24257K, committed 24576K, reserved 1114112K
  class space    used 2669K, committed 2816K, reserved 1048576K
}
Event: 9.482 GC heap after
{Heap after GC invocations=5 (full 0):
 garbage-first heap   total 91136K, used 53855K [0x0000000089400000, 0x0000000100000000)
  region size 1024K, 5 young (5120K), 5 survivors (5120K)
 Metaspace       used 24257K, committed 24576K, reserved 1114112K
  class space    used 2669K, committed 2816K, reserved 1048576K
}
Event: 9.581 GC heap before
{Heap before GC invocations=5 (full 0):
 garbage-first heap   total 99328K, used 98911K [0x0000000089400000, 0x0000000100000000)
  region size 1024K, 25 young (25600K), 5 survivors (5120K)
 Metaspace       used 24262K, committed 24640K, reserved 1114112K
  class space    used 2669K, committed 2816K, reserved 1048576K
}
Event: 9.586 GC heap after
{Heap after GC invocations=6 (full 0):
 garbage-first heap   total 105472K, used 77929K [0x0000000089400000, 0x0000000100000000)
  region size 1024K, 2 young (2048K), 2 survivors (2048K)
 Metaspace       used 24262K, committed 24640K, reserved 1114112K
  class space    used 2669K, committed 2816K, reserved 1048576K
}
Event: 9.599 GC heap before
{Heap before GC invocations=6 (full 0):
 garbage-first heap   total 105472K, used 79977K [0x0000000089400000, 0x0000000100000000)
  region size 1024K, 5 young (5120K), 2 survivors (2048K)
 Metaspace       used 24262K, committed 24640K, reserved 1114112K
  class space    used 2669K, committed 2816K, reserved 1048576K
}
Event: 9.601 GC heap after
{Heap after GC invocations=7 (full 0):
 garbage-first heap   total 105472K, used 77645K [0x0000000089400000, 0x0000000100000000)
  region size 1024K, 1 young (1024K), 1 survivors (1024K)
 Metaspace       used 24262K, committed 24640K, reserved 1114112K
  class space    used 2669K, committed 2816K, reserved 1048576K
}
Event: 9.688 GC heap before
{Heap before GC invocations=8 (full 0):
 garbage-first heap   total 140288K, used 119629K [0x0000000089400000, 0x0000000100000000)
  region size 1024K, 19 young (19456K), 1 survivors (1024K)
 Metaspace       used 24262K, committed 24640K, reserved 1114112K
  class space    used 2669K, committed 2816K, reserved 1048576K
}
Event: 9.690 GC heap after
{Heap after GC invocations=9 (full 0):
 garbage-first heap   total 168960K, used 102165K [0x0000000089400000, 0x0000000100000000)
  region size 1024K, 1 young (1024K), 1 survivors (1024K)
 Metaspace       used 24262K, committed 24640K, reserved 1114112K
  class space    used 2669K, committed 2816K, reserved 1048576K
}
Event: 9.834 GC heap before
{Heap before GC invocations=9 (full 0):
 garbage-first heap   total 181248K, used 181013K [0x0000000089400000, 0x0000000100000000)
  region size 1024K, 34 young (34816K), 1 survivors (1024K)
 Metaspace       used 24262K, committed 24640K, reserved 1114112K
  class space    used 2669K, committed 2816K, reserved 1048576K
}
Event: 9.836 GC heap after
{Heap after GC invocations=10 (full 0):
 garbage-first heap   total 183296K, used 146989K [0x0000000089400000, 0x0000000100000000)
  region size 1024K, 1 young (1024K), 1 survivors (1024K)
 Metaspace       used 24262K, committed 24640K, reserved 1114112K
  class space    used 2669K, committed 2816K, reserved 1048576K
}
Event: 9.844 GC heap before
{Heap before GC invocations=10 (full 0):
 garbage-first heap   total 183296K, used 149037K [0x0000000089400000, 0x0000000100000000)
  region size 1024K, 4 young (4096K), 1 survivors (1024K)
 Metaspace       used 24262K, committed 24640K, reserved 1114112K
  class space    used 2669K, committed 2816K, reserved 1048576K
}
Event: 9.845 GC heap after
{Heap after GC invocations=11 (full 0):
 garbage-first heap   total 183296K, used 146993K [0x0000000089400000, 0x0000000100000000)
  region size 1024K, 1 young (1024K), 1 survivors (1024K)
 Metaspace       used 24262K, committed 24640K, reserved 1114112K
  class space    used 2669K, committed 2816K, reserved 1048576K
}

