# JRE version: Java(TM) SE Runtime Environment (21.0.1+12) (build 21.0.1+12-LTS-29)
# Java VM: Java HotSpot(TM) 64-Bit Server VM (21.0.1+12-LTS-29, mixed mode, sharing, tiered, compressed oops, compressed class ptrs, g1 gc, windows-amd64)
GC Precious Log:
 CardTable entry size: 512
 Card Set container configuration: InlinePtr #cards 5 size 8 Array Of Cards #cards 12 size 40 Howl #buckets 4 coarsen threshold 1843 Howl Bitmap #cards 512 size 80 coarsen threshold 460 Card regions per heap region 1 cards per card region 2048
 CPUs: 12 total, 12 available
 Memory: 7597M
 Large Page Support: Disabled
 NUMA Support: Disabled
 Compressed Oops: Enabled (32-bit)
 Heap Region Size: 1M
 Heap Min Capacity: 8M
 Heap Initial Capacity: 120M
 Heap Max Capacity: 1900M
 Pre-touch: Disabled
 Parallel Workers: 10
 Concurrent Workers: 3
 Concurrent Refinement Workers: 10
 Periodic GC: Disabled
Heap:
 garbage-first heap   total 126976K, used 82689K [0x0000000089400000, 0x0000000100000000)
  region size 1024K, 3 young (3072K), 1 survivors (1024K)
 Metaspace       used 24076K, committed 24384K, reserved 1114112K
  class space    used 2672K, committed 2816K, reserved 1048576K
GC Heap History (12 events):
Event: 0.758 GC heap before
{Heap before GC invocations=0 (full 0):
 garbage-first heap   total 122880K, used 22528K [0x0000000089400000, 0x0000000100000000)
  region size 1024K, 23 young (23552K), 0 survivors (0K)
 Metaspace       used 4284K, committed 4416K, reserved 1114112K
  class space    used 391K, committed 448K, reserved 1048576K
}
Event: 0.768 GC heap after
{Heap after GC invocations=1 (full 0):
 garbage-first heap   total 122880K, used 10880K [0x0000000089400000, 0x0000000100000000)
  region size 1024K, 3 young (3072K), 3 survivors (3072K)
 Metaspace       used 4284K, committed 4416K, reserved 1114112K
  class space    used 391K, committed 448K, reserved 1048576K
}
Event: 3.487 GC heap before
{Heap before GC invocations=1 (full 0):
 garbage-first heap   total 122880K, used 35456K [0x0000000089400000, 0x0000000100000000)
  region size 1024K, 25 young (25600K), 3 survivors (3072K)
 Metaspace       used 15281K, committed 15616K, reserved 1114112K
  class space    used 1646K, committed 1792K, reserved 1048576K
}
Event: 3.495 GC heap after
{Heap after GC invocations=2 (full 0):
 garbage-first heap   total 122880K, used 18988K [0x0000000089400000, 0x0000000100000000)
  region size 1024K, 4 young (4096K), 4 survivors (4096K)
 Metaspace       used 15281K, committed 15616K, reserved 1114112K
  class space    used 1646K, committed 1792K, reserved 1048576K
}
Event: 4.590 GC heap before
{Heap before GC invocations=2 (full 0):
 garbage-first heap   total 122880K, used 46636K [0x0000000089400000, 0x0000000100000000)
  region size 1024K, 30 young (30720K), 4 survivors (4096K)
 Metaspace       used 21186K, committed 21504K, reserved 1114112K
  class space    used 2318K, committed 2432K, reserved 1048576K
}
Event: 4.598 GC heap after
{Heap after GC invocations=3 (full 0):
 garbage-first heap   total 122880K, used 24166K [0x0000000089400000, 0x0000000100000000)
  region size 1024K, 3 young (3072K), 3 survivors (3072K)
 Metaspace       used 21186K, committed 21504K, reserved 1114112K
  class space    used 2318K, committed 2432K, reserved 1048576K
}
Event: 6.219 GC heap before
{Heap before GC invocations=4 (full 0):
 garbage-first heap   total 86016K, used 84582K [0x0000000089400000, 0x0000000100000000)
  region size 1024K, 35 young (35840K), 3 survivors (3072K)
 Metaspace       used 24072K, committed 24384K, reserved 1114112K
  class space    used 2672K, committed 2816K, reserved 1048576K
}
Event: 6.223 GC heap after
{Heap after GC invocations=5 (full 0):
 garbage-first heap   total 90112K, used 53862K [0x0000000089400000, 0x0000000100000000)
  region size 1024K, 4 young (4096K), 4 survivors (4096K)
 Metaspace       used 24072K, committed 24384K, reserved 1114112K
  class space    used 2672K, committed 2816K, reserved 1048576K
}
Event: 6.321 GC heap before
{Heap before GC invocations=5 (full 0):
 garbage-first heap   total 98304K, used 97894K [0x0000000089400000, 0x0000000100000000)
  region size 1024K, 23 young (23552K), 4 survivors (4096K)
 Metaspace       used 24076K, committed 24384K, reserved 1114112K
  class space    used 2672K, committed 2816K, reserved 1048576K
}
Event: 6.326 GC heap after
{Heap after GC invocations=6 (full 0):
 garbage-first heap   total 104448K, used 77862K [0x0000000089400000, 0x0000000100000000)
  region size 1024K, 2 young (2048K), 2 survivors (2048K)
 Metaspace       used 24076K, committed 24384K, reserved 1114112K
  class space    used 2672K, committed 2816K, reserved 1048576K
}
Event: 6.341 GC heap before
{Heap before GC invocations=6 (full 0):
 garbage-first heap   total 104448K, used 79910K [0x0000000089400000, 0x0000000100000000)
  region size 1024K, 5 young (5120K), 2 survivors (2048K)
 Metaspace       used 24076K, committed 24384K, reserved 1114112K
  class space    used 2672K, committed 2816K, reserved 1048576K
}
Event: 6.343 GC heap after
{Heap after GC invocations=7 (full 0):
 garbage-first heap   total 104448K, used 77569K [0x0000000089400000, 0x0000000100000000)
  region size 1024K, 1 young (1024K), 1 survivors (1024K)
 Metaspace       used 24076K, committed 24384K, reserved 1114112K
  class space    used 2672K, committed 2816K, reserved 1048576K
}

