# JRE version: Java(TM) SE Runtime Environment (21.0.1+12) (build 21.0.1+12-LTS-29)
# Java VM: Java HotSpot(TM) 64-Bit Server VM (21.0.1+12-LTS-29, mixed mode, sharing, tiered, compressed oops, compressed class ptrs, g1 gc, windows-amd64)
GC Precious Log:
 CardTable entry size: 512
 Card Set container configuration: InlinePtr #cards 5 size 8 Array Of Cards #cards 12 size 40 Howl #buckets 4 coarsen threshold 1843 Howl Bitmap #cards 512 size 80 coarsen threshold 460 Card regions per heap region 1 cards per card region 2048
 CPUs: 12 total, 12 available
 Memory: 7597M
 Large Page Support: Disabled
 NUMA Support: Disabled
 Compressed Oops: Enabled (32-bit)
 Heap Region Size: 1M
 Heap Min Capacity: 8M
 Heap Initial Capacity: 120M
 Heap Max Capacity: 1900M
 Pre-touch: Disabled
 Parallel Workers: 10
 Concurrent Workers: 3
 Concurrent Refinement Workers: 10
 Periodic GC: Disabled
Heap:
 garbage-first heap   total 175104K, used 163036K [0x0000000089400000, 0x0000000100000000)
  region size 1024K, 29 young (29696K), 1 survivors (1024K)
 Metaspace       used 24311K, committed 24640K, reserved 1114112K
  class space    used 2672K, committed 2816K, reserved 1048576K
GC Heap History (14 events):
Event: 0.496 GC heap before
{Heap before GC invocations=0 (full 0):
 garbage-first heap   total 122880K, used 22528K [0x0000000089400000, 0x0000000100000000)
  region size 1024K, 23 young (23552K), 0 survivors (0K)
 Metaspace       used 4280K, committed 4416K, reserved 1114112K
  class space    used 391K, committed 448K, reserved 1048576K
}
Event: 0.504 GC heap after
{Heap after GC invocations=1 (full 0):
 garbage-first heap   total 122880K, used 10880K [0x0000000089400000, 0x0000000100000000)
  region size 1024K, 3 young (3072K), 3 survivors (3072K)
 Metaspace       used 4280K, committed 4416K, reserved 1114112K
  class space    used 391K, committed 448K, reserved 1048576K
}
Event: 2.626 GC heap before
{Heap before GC invocations=1 (full 0):
 garbage-first heap   total 122880K, used 35456K [0x0000000089400000, 0x0000000100000000)
  region size 1024K, 25 young (25600K), 3 survivors (3072K)
 Metaspace       used 15220K, committed 15552K, reserved 1114112K
  class space    used 1637K, committed 1792K, reserved 1048576K
}
Event: 2.634 GC heap after
{Heap after GC invocations=2 (full 0):
 garbage-first heap   total 122880K, used 18265K [0x0000000089400000, 0x0000000100000000)
  region size 1024K, 4 young (4096K), 4 survivors (4096K)
 Metaspace       used 15220K, committed 15552K, reserved 1114112K
  class space    used 1637K, committed 1792K, reserved 1048576K
}
Event: 3.575 GC heap before
{Heap before GC invocations=2 (full 0):
 garbage-first heap   total 122880K, used 45913K [0x0000000089400000, 0x0000000100000000)
  region size 1024K, 30 young (30720K), 4 survivors (4096K)
 Metaspace       used 21201K, committed 21504K, reserved 1114112K
  class space    used 2321K, committed 2432K, reserved 1048576K
}
Event: 3.583 GC heap after
{Heap after GC invocations=3 (full 0):
 garbage-first heap   total 122880K, used 23596K [0x0000000089400000, 0x0000000100000000)
  region size 1024K, 3 young (3072K), 3 survivors (3072K)
 Metaspace       used 21201K, committed 21504K, reserved 1114112K
  class space    used 2321K, committed 2432K, reserved 1048576K
}
Event: 7.145 GC heap before
{Heap before GC invocations=4 (full 0):
 garbage-first heap   total 94208K, used 92204K [0x0000000089400000, 0x0000000100000000)
  region size 1024K, 39 young (39936K), 3 survivors (3072K)
 Metaspace       used 24297K, committed 24576K, reserved 1114112K
  class space    used 2669K, committed 2816K, reserved 1048576K
}
Event: 7.149 GC heap after
{Heap after GC invocations=5 (full 0):
 garbage-first heap   total 99328K, used 58202K [0x0000000089400000, 0x0000000100000000)
  region size 1024K, 5 young (5120K), 5 survivors (5120K)
 Metaspace       used 24297K, committed 24576K, reserved 1114112K
  class space    used 2669K, committed 2816K, reserved 1048576K
}
Event: 7.226 GC heap before
{Heap before GC invocations=5 (full 0):
 garbage-first heap   total 99328K, used 98138K [0x0000000089400000, 0x0000000100000000)
  region size 1024K, 24 young (24576K), 5 survivors (5120K)
 Metaspace       used 24302K, committed 24576K, reserved 1114112K
  class space    used 2669K, committed 2816K, reserved 1048576K
}
Event: 7.229 GC heap after
{Heap after GC invocations=6 (full 0):
 garbage-first heap   total 103424K, used 77484K [0x0000000089400000, 0x0000000100000000)
  region size 1024K, 1 young (1024K), 1 survivors (1024K)
 Metaspace       used 24302K, committed 24576K, reserved 1114112K
  class space    used 2669K, committed 2816K, reserved 1048576K
}
Event: 7.236 GC heap before
{Heap before GC invocations=6 (full 0):
 garbage-first heap   total 103424K, used 77484K [0x0000000089400000, 0x0000000100000000)
  region size 1024K, 2 young (2048K), 1 survivors (1024K)
 Metaspace       used 24302K, committed 24576K, reserved 1114112K
  class space    used 2669K, committed 2816K, reserved 1048576K
}
Event: 7.238 GC heap after
{Heap after GC invocations=7 (full 0):
 garbage-first heap   total 103424K, used 77302K [0x0000000089400000, 0x0000000100000000)
  region size 1024K, 1 young (1024K), 1 survivors (1024K)
 Metaspace       used 24302K, committed 24576K, reserved 1114112K
  class space    used 2669K, committed 2816K, reserved 1048576K
}
Event: 7.319 GC heap before
{Heap before GC invocations=8 (full 0):
 garbage-first heap   total 140288K, used 118262K [0x0000000089400000, 0x0000000100000000)
  region size 1024K, 17 young (17408K), 1 survivors (1024K)
 Metaspace       used 24302K, committed 24576K, reserved 1114112K
  class space    used 2669K, committed 2816K, reserved 1048576K
}
Event: 7.321 GC heap after
{Heap after GC invocations=9 (full 0):
 garbage-first heap   total 174080K, used 101878K [0x0000000089400000, 0x0000000100000000)
  region size 1024K, 1 young (1024K), 1 survivors (1024K)
 Metaspace       used 24302K, committed 24576K, reserved 1114112K
  class space    used 2669K, committed 2816K, reserved 1048576K
}

